<?xml version="1.0" encoding="UTF-8"?>
<testng-results ignored="0" total="1" passed="1" failed="0" skipped="0">
  <reporter-output>
  </reporter-output>
  <suite started-at="2021-04-05T03:12:40 IST" name="Default suite" finished-at="2021-04-05T03:12:45 IST" duration-ms="5022">
    <groups>
    </groups>
    <test started-at="2021-04-05T03:12:40 IST" name="Default test" finished-at="2021-04-05T03:12:45 IST" duration-ms="5022">
      <class name="tests.ValidateXMLSchema">
        <test-method signature="xmlSchemaValidation()[pri:0, instance:tests.ValidateXMLSchema@2abf4075]" started-at="2021-04-05T03:12:40 IST" name="xmlSchemaValidation" finished-at="2021-04-05T03:12:45 IST" duration-ms="4958" status="PASS">
          <reporter-output>
          </reporter-output>
        </test-method> <!-- xmlSchemaValidation -->
      </class> <!-- tests.ValidateXMLSchema -->
    </test> <!-- Default test -->
  </suite> <!-- Default suite -->
</testng-results>
